1610498103000	geckodriver	INFO	Listening on 127.0.0.1:10243
1610498106039	mozrunner::runner	INFO	Running command: "C:\\Program Files\\Mozilla Firefox\\firefox.exe" "--marionette" "-foreground" "-no-remote" "-profile" "C:\\Users\\vy\\AppData\\Local\\Temp\\rust_mozprofileWeRQ1Q"
Can't find symbol 'eglSwapBuffersWithDamageEXT'.
Can't find symbol 'eglSetDamageRegionKHR'.
console.warn: SearchSettings: "get: No settings file exists, new profile?" (new Error("", "(unknown module)"))
1610498110072	Marionette	INFO	Listening on port 10253
1610498110515	Marionette	WARN	TLS certificate errors will be ignored for this session
1610498119089	Marionette	INFO	Stopped listening on port 10253

###!!! [Child][RunMessage] Error: Channel closing: too late to send/recv, messages will be lost

1610498120034	geckodriver	INFO	Listening on 127.0.0.1:10332
1610498123051	mozrunner::runner	INFO	Running command: "C:\\Program Files\\Mozilla Firefox\\firefox.exe" "--marionette" "-foreground" "-no-remote" "-profile" "C:\\Users\\vy\\AppData\\Local\\Temp\\rust_mozprofile2Yg0dE"
Can't find symbol 'eglSwapBuffersWithDamageEXT'.
Can't find symbol 'eglSetDamageRegionKHR'.
console.warn: SearchSettings: "get: No settings file exists, new profile?" (new Error("", "(unknown module)"))
1610498125583	Marionette	INFO	Listening on port 10343
1610498125686	Marionette	WARN	TLS certificate errors will be ignored for this session
JavaScript error: resource://gre/modules/XULStore.jsm, line 66: Error: Can't find profile directory.
JavaScript error: resource://gre/modules/XULStore.jsm, line 66: Error: Can't find profile directory.
1610498138963	Marionette	INFO	Stopped listening on port 10343

###!!! [Child][RunMessage] Error: Channel closing: too late to send/recv, messages will be lost

1610559632491	geckodriver	INFO	Listening on 127.0.0.1:55512
1610559635516	mozrunner::runner	INFO	Running command: "C:\\Program Files\\Mozilla Firefox\\firefox.exe" "--marionette" "-foreground" "-no-remote" "-profile" "C:\\Users\\vy\\AppData\\Local\\Temp\\rust_mozprofile5B6nC0"
Can't find symbol 'eglSwapBuffersWithDamageEXT'.
Can't find symbol 'eglSetDamageRegionKHR'.
console.warn: SearchSettings: "get: No settings file exists, new profile?" (new Error("", "(unknown module)"))
1610559638043	Marionette	INFO	Listening on port 55525
1610559638158	Marionette	WARN	TLS certificate errors will be ignored for this session
1610559658177	Marionette	INFO	Stopped listening on port 55525

###!!! [Child][RunMessage] Error: Channel closing: too late to send/recv, messages will be lost

1610559659086	geckodriver	INFO	Listening on 127.0.0.1:55612
1610559662115	mozrunner::runner	INFO	Running command: "C:\\Program Files\\Mozilla Firefox\\firefox.exe" "--marionette" "-foreground" "-no-remote" "-profile" "C:\\Users\\vy\\AppData\\Local\\Temp\\rust_mozprofilejozWub"
Can't find symbol 'eglSwapBuffersWithDamageEXT'.
Can't find symbol 'eglSetDamageRegionKHR'.
console.warn: SearchSettings: "get: No settings file exists, new profile?" (new Error("", "(unknown module)"))
1610559664471	Marionette	INFO	Listening on port 55621
1610559664750	Marionette	WARN	TLS certificate errors will be ignored for this session
JavaScript error: resource://gre/modules/XULStore.jsm, line 66: Error: Can't find profile directory.
JavaScript error: resource://gre/modules/XULStore.jsm, line 66: Error: Can't find profile directory.
1610559680363	Marionette	INFO	Stopped listening on port 55621

###!!! [Child][RunMessage] Error: Channel closing: too late to send/recv, messages will be lost

